
> unicafe@0.0.0 dev
> vite --host bitcoin.linkpc.net


  VITE v6.2.2  ready in 553 ms

  ➜  Network: http://bitcoin.linkpc.net:5173/
9:00:18 AM [vite] (client) hmr update /src/App.jsx
9:00:18 AM [vite] (client) hmr update /src/App.jsx
9:00:19 AM [vite] (client) hmr update /src/App.jsx

> unicafe@0.0.0 dev
> vite --host bitcoin.linkpc.net


  VITE v6.2.2  ready in 354 ms

  ➜  Network: http://bitcoin.linkpc.net:5173/
9:08:07 AM [vite] (client) hmr update /src/App.jsx
9:08:07 AM [vite] (client) hmr update /src/App.jsx
9:08:07 AM [vite] (client) hmr update /src/App.jsx
9:08:41 AM [vite] (client) hmr update /src/App.jsx
9:08:41 AM [vite] (client) hmr update /src/App.jsx
9:08:42 AM [vite] (client) hmr update /src/App.jsx
9:08:51 AM [vite] (client) hmr update /src/App.jsx
9:08:51 AM [vite] (client) hmr update /src/App.jsx
9:08:51 AM [vite] (client) hmr update /src/App.jsx
9:09:35 AM [vite] (client) hmr update /src/App.jsx
9:09:35 AM [vite] (client) hmr update /src/App.jsx
9:09:35 AM [vite] (client) hmr update /src/App.jsx
9:11:51 AM [vite] (client) hmr update /src/App.jsx
9:11:51 AM [vite] (client) hmr update /src/App.jsx
9:11:51 AM [vite] (client) hmr update /src/App.jsx

> unicafe@0.0.0 dev
> vite --host bitcoin.linkpc.net


  VITE v6.2.2  ready in 442 ms

  ➜  Network: http://bitcoin.linkpc.net:5173/
9:14:03 AM [vite] (client) hmr update /src/App.jsx
9:14:03 AM [vite] (client) hmr update /src/App.jsx
9:14:04 AM [vite] (client) hmr update /src/App.jsx
9:14:39 AM [vite] (client) hmr update /src/App.jsx
9:14:39 AM [vite] (client) hmr update /src/App.jsx
9:14:39 AM [vite] (client) hmr update /src/App.jsx
9:16:20 AM [vite] (client) hmr update /src/App.jsx
9:16:20 AM [vite] (client) hmr update /src/App.jsx
9:16:21 AM [vite] (client) hmr update /src/App.jsx
9:16:35 AM [vite] (client) hmr update /src/App.jsx
9:16:36 AM [vite] (client) hmr update /src/App.jsx
9:16:36 AM [vite] (client) hmr update /src/App.jsx
9:17:43 AM [vite] (client) hmr update /src/App.jsx
9:17:43 AM [vite] (client) hmr update /src/App.jsx
9:17:43 AM [vite] (client) hmr update /src/App.jsx
9:18:03 AM [vite] (client) hmr update /src/App.jsx
9:18:03 AM [vite] (client) hmr update /src/App.jsx
9:18:03 AM [vite] (client) hmr update /src/App.jsx
9:18:24 AM [vite] (client) hmr update /src/App.jsx
9:18:24 AM [vite] (client) hmr update /src/App.jsx
9:18:24 AM [vite] (client) hmr update /src/App.jsx
9:19:02 AM [vite] (client) hmr update /src/App.jsx
9:19:03 AM [vite] (client) hmr update /src/App.jsx
9:19:03 AM [vite] (client) hmr update /src/App.jsx
9:19:12 AM [vite] (client) hmr update /src/App.jsx
9:19:13 AM [vite] (client) hmr update /src/App.jsx
9:19:13 AM [vite] (client) hmr update /src/App.jsx
9:22:10 AM [vite] (client) hmr update /src/App.jsx
9:22:10 AM [vite] (client) hmr update /src/App.jsx
9:22:10 AM [vite] (client) hmr update /src/App.jsx
9:22:45 AM [vite] (client) hmr update /src/App.jsx
9:22:46 AM [vite] (client) hmr update /src/App.jsx
9:22:46 AM [vite] (client) hmr update /src/App.jsx
9:55:11 AM [vite] (client) hmr update /src/App.jsx
9:55:11 AM [vite] (client) hmr update /src/App.jsx
9:55:11 AM [vite] (client) hmr update /src/App.jsx
9:56:59 AM [vite] (client) hmr update /src/App.jsx
9:56:59 AM [vite] (client) hmr update /src/App.jsx
9:56:59 AM [vite] (client) hmr update /src/App.jsx
9:57:11 AM [vite] (client) hmr update /src/App.jsx
9:57:11 AM [vite] (client) hmr update /src/App.jsx
9:57:11 AM [vite] (client) hmr update /src/App.jsx
9:58:07 AM [vite] (client) hmr update /src/App.jsx
9:58:07 AM [vite] (client) hmr update /src/App.jsx
9:58:08 AM [vite] (client) hmr update /src/App.jsx
10:01:35 AM [vite] (client) hmr update /src/App.jsx
10:01:36 AM [vite] (client) hmr update /src/App.jsx
10:07:51 AM [vite] (client) hmr update /src/App.jsx
10:07:52 AM [vite] (client) hmr update /src/App.jsx
10:07:52 AM [vite] (client) hmr update /src/App.jsx
